<?xml version="1.0" encoding="UTF-8"?>
<testsuite xmlns:xsi="http://www.w3.org/2001/XMLSchema-instance" xsi:schemaLocation="https://maven.apache.org/surefire/maven-surefire-plugin/xsd/surefire-test-report.xsd" name="com.fshahbaz.vending_machine.dao.Vending_Machine_Dao_File_ImplTest" time="0.663" tests="4" errors="1" skipped="0" failures="0">
  <properties>
[...]
</properties>
  <testcase name="testAddGetAllItems" classname="com.fshahbaz.vending_machine.dao.Vending_Machine_Dao_File_ImplTest" time="0.25"/>
  <testcase name="testUpdateItem" classname="com.fshahbaz.vending_machine.dao.Vending_Machine_Dao_File_ImplTest" time="0.187"/>
  <testcase name="testGetItem" classname="com.fshahbaz.vending_machine.dao.Vending_Machine_Dao_File_ImplTest" time="0.015"/>
  <testcase name="testRemoveItem" classname="com.fshahbaz.vending_machine.dao.Vending_Machine_Dao_File_ImplTest" time="0.137">
    <error message="Character n is neither a decimal digit number, decimal point, nor &quot;e&quot; notation exponential mark." type="java.lang.NumberFormatException">java.lang.NumberFormatException: Character n is neither a decimal digit number, decimal point, nor "e" notation exponential mark.
	at com.fshahbaz.vending_machine.dao.Vending_Machine_Dao_File_ImplTest.testRemoveItem(Vending_Machine_Dao_File_ImplTest.java:126)
</error>
  </testcase>
</testsuite>