<?xml version="1.0" encoding="UTF-8"?>
<testsuite xmlns:xsi="http://www.w3.org/2001/XMLSchema-instance" xsi:schemaLocation="https://maven.apache.org/surefire/maven-surefire-plugin/xsd/surefire-test-report.xsd" name="com.fshahbaz.vending_machine_service.Vending_Machine_Service_Layer_FileImplTest" time="1.126" tests="3" errors="1" skipped="0" failures="1">
  <properties>
[...]
</properties>
  <testcase name="testGetAllItems" classname="com.fshahbaz.vending_machine_service.Vending_Machine_Service_Layer_FileImplTest" time="0.393"/>
  <testcase name="testGetItem" classname="com.fshahbaz.vending_machine_service.Vending_Machine_Service_Layer_FileImplTest" time="0.425">
    <failure message="Item stored should be Fanta. ==&gt; expected: &lt;null&gt; but was: &lt;Item{name=Fanta, cost=6.00, numItems=12}&gt;" type="org.opentest4j.AssertionFailedError"><![CDATA[org.opentest4j.AssertionFailedError: Item stored should be Fanta. ==> expected: <null> but was: <Item{name=Fanta, cost=6.00, numItems=12}>
	at com.fshahbaz.vending_machine_service.Vending_Machine_Service_Layer_FileImplTest.testGetItem(Vending_Machine_Service_Layer_FileImplTest.java:49)
]]></failure>
  </testcase>
  <testcase name="testRemoveItem" classname="com.fshahbaz.vending_machine_service.Vending_Machine_Service_Layer_FileImplTest" time="0.017">
    <error type="java.lang.NullPointerException">java.lang.NullPointerException
	at com.fshahbaz.vending_machine_service.Vending_Machine_Service_Layer_FileImplTest.testRemoveItem(Vending_Machine_Service_Layer_FileImplTest.java:93)
</error>
  </testcase>
</testsuite>